# JRE version: OpenJDK Runtime Environment Corretto-11.0.18.10.1 (11.0.18+10) (build 11.0.18+10-LTS)
# Java VM: OpenJDK 64-Bit Server VM Corretto-11.0.18.10.1 (11.0.18+10-LTS, mixed mode, tiered, compressed oops, g1 gc, windows-amd64)
Heap:
 garbage-first heap   total 98304K, used 21261K [0x00000000a1e00000, 0x0000000100000000)
  region size 1024K, 11 young (11264K), 6 survivors (6144K)
 Metaspace       used 29143K, capacity 30194K, committed 30384K, reserved 1075200K
  class space    used 3584K, capacity 4024K, committed 4096K, reserved 1048576K
GC Heap History (6 events):
Event: 1.271 GC heap before
{Heap before GC invocations=0 (full 0):
 garbage-first heap   total 98304K, used 23552K [0x00000000a1e00000, 0x0000000100000000)
  region size 1024K, 24 young (24576K), 0 survivors (0K)
 Metaspace       used 12726K, capacity 13092K, committed 13312K, reserved 1060864K
  class space    used 1312K, capacity 1452K, committed 1536K, reserved 1048576K
}
Event: 1.277 GC heap after
{Heap after GC invocations=1 (full 0):
 garbage-first heap   total 98304K, used 3040K [0x00000000a1e00000, 0x0000000100000000)
  region size 1024K, 3 young (3072K), 3 survivors (3072K)
 Metaspace       used 12726K, capacity 13092K, committed 13312K, reserved 1060864K
  class space    used 1312K, capacity 1452K, committed 1536K, reserved 1048576K
}
Event: 2.464 GC heap before
{Heap before GC invocations=1 (full 0):
 garbage-first heap   total 98304K, used 33760K [0x00000000a1e00000, 0x0000000100000000)
  region size 1024K, 34 young (34816K), 3 survivors (3072K)
 Metaspace       used 20615K, capacity 21195K, committed 21296K, reserved 1069056K
  class space    used 2445K, capacity 2681K, committed 2688K, reserved 1048576K
}
Event: 2.476 GC heap after
{Heap after GC invocations=2 (full 0):
 garbage-first heap   total 98304K, used 7060K [0x00000000a1e00000, 0x0000000100000000)
  region size 1024K, 7 young (7168K), 7 survivors (7168K)
 Metaspace       used 20615K, capacity 21195K, committed 21296K, reserved 1069056K
  class space    used 2445K, capacity 2681K, committed 2688K, reserved 1048576K
}
Event: 10.060 GC heap before
{Heap before GC invocations=3 (full 0):
 garbage-first heap   total 98304K, used 51092K [0x00000000a1e00000, 0x0000000100000000)
  region size 1024K, 48 young (49152K), 7 survivors (7168K)
 Metaspace       used 28834K, capacity 29854K, committed 30128K, reserved 1075200K
  class space    used 3566K, capacity 3997K, committed 4096K, reserved 1048576K
}
Event: 10.083 GC heap after
{Heap after GC invocations=4 (full 0):
 garbage-first heap   total 98304K, used 17165K [0x00000000a1e00000, 0x0000000100000000)
  region size 1024K, 6 young (6144K), 6 survivors (6144K)
 Metaspace       used 28834K, capacity 29854K, committed 30128K, reserved 1075200K
  class space    used 3566K, capacity 3997K, committed 4096K, reserved 1048576K
}

